2025-02-20 16:58:37 - WARNING - Gagal memilih campaign: Message: element click intercepted: Element <span class="select2-selection__rendered" id="select2-campaign_id-container" role="textbox" aria-readonly="true" title="...">campaign_rabu</span> is not clickable at point (938, 347). Other element would receive the click: <input class="select2-search__field" type="search" tabindex="0" autocomplete="off" autocorrect="off" autocapitalize="none" spellcheck="false" role="searchbox" aria-autocomplete="list" aria-controls="select2-xtpl-results" aria-activedescendant="select2-xtpl-result-h3za-58">
  (Session info: chrome=133.0.6943.99)
Stacktrace:
	GetHandleVerifier [0x00007FF74A096F15+28773]
	(No symbol) [0x00007FF74A002600]
	(No symbol) [0x00007FF749E98FAA]
	(No symbol) [0x00007FF749EF7109]
	(No symbol) [0x00007FF749EF4AD2]
	(No symbol) [0x00007FF749EF1B81]
	(No symbol) [0x00007FF749EF0A91]
	(No symbol) [0x00007FF749EE2284]
	(No symbol) [0x00007FF749F1724A]
	(No symbol) [0x00007FF749EE1B36]
	(No symbol) [0x00007FF749F17460]
	(No symbol) [0x00007FF749F3F6F3]
	(No symbol) [0x00007FF749F17023]
	(No symbol) [0x00007FF749EDFF5E]
	(No symbol) [0x00007FF749EE11E3]
	GetHandleVerifier [0x00007FF74A3E425D+3490733]
	GetHandleVerifier [0x00007FF74A3FBA43+3586963]
	GetHandleVerifier [0x00007FF74A3F147D+3544525]
	GetHandleVerifier [0x00007FF74A15C9DA+838442]
	(No symbol) [0x00007FF74A00D04F]
	(No symbol) [0x00007FF74A009614]
	(No symbol) [0x00007FF74A0097B6]
	(No symbol) [0x00007FF749FF8CE9]
	BaseThreadInitThunk [0x00007FFCB68B259D+29]
	RtlUserThreadStart [0x00007FFCB8C0AF38+40]

2025-02-20 16:59:36 - WARNING - Gagal memilih template: list index out of range
2025-02-20 16:59:36 - WARNING - Gagal memilih campaign: list index out of range
2025-02-20 17:02:03 - WARNING - Gagal memilih template: list index out of range
2025-02-20 17:02:03 - WARNING - Gagal memilih campaign: list index out of range
2025-02-25 10:33:52 - WARNING - Gagal memilih template: 'list' object has no attribute 'tag_name'
2025-02-25 10:33:52 - WARNING - Gagal memilih campaign: 'list' object has no attribute 'tag_name'
2025-02-25 10:36:31 - WARNING - Gagal memilih template: 'list' object has no attribute 'tag_name'
2025-02-25 10:36:31 - WARNING - Gagal memilih campaign: 'list' object has no attribute 'tag_name'
2025-02-25 10:38:30 - WARNING - Gagal memilih template: 'list' object has no attribute 'tag_name'
2025-02-25 10:38:30 - WARNING - Gagal memilih campaign: 'list' object has no attribute 'tag_name'
2025-02-25 10:41:33 - WARNING - Gagal memilih template: Message: no such element: Unable to locate element: {"method":"xpath","selector":"xtpl"}
  (Session info: chrome=133.0.6943.127); For documentation on this error, please visit: https://www.selenium.dev/documentation/webdriver/troubleshooting/errors#no-such-element-exception
Stacktrace:
	GetHandleVerifier [0x00007FF6D7936F15+28773]
	(No symbol) [0x00007FF6D78A2600]
	(No symbol) [0x00007FF6D7738FAA]
	(No symbol) [0x00007FF6D778F286]
	(No symbol) [0x00007FF6D778F4BC]
	(No symbol) [0x00007FF6D77E2A27]
	(No symbol) [0x00007FF6D77B728F]
	(No symbol) [0x00007FF6D77DF6F3]
	(No symbol) [0x00007FF6D77B7023]
	(No symbol) [0x00007FF6D777FF5E]
	(No symbol) [0x00007FF6D77811E3]
	GetHandleVerifier [0x00007FF6D7C8425D+3490733]
	GetHandleVerifier [0x00007FF6D7C9BA43+3586963]
	GetHandleVerifier [0x00007FF6D7C9147D+3544525]
	GetHandleVerifier [0x00007FF6D79FC9DA+838442]
	(No symbol) [0x00007FF6D78AD04F]
	(No symbol) [0x00007FF6D78A9614]
	(No symbol) [0x00007FF6D78A97B6]
	(No symbol) [0x00007FF6D7898CE9]
	BaseThreadInitThunk [0x00007FFCB68B259D+29]
	RtlUserThreadStart [0x00007FFCB8C0AF38+40]

2025-03-10 13:25:28 - WARNING - Gagal click add product: Message: 
Stacktrace:
	GetHandleVerifier [0x00007FF68B946F15+28773]
	(No symbol) [0x00007FF68B8B2600]
	(No symbol) [0x00007FF68B748FAA]
	(No symbol) [0x00007FF68B79F286]
	(No symbol) [0x00007FF68B79F4BC]
	(No symbol) [0x00007FF68B7F2A27]
	(No symbol) [0x00007FF68B7C728F]
	(No symbol) [0x00007FF68B7EF6F3]
	(No symbol) [0x00007FF68B7C7023]
	(No symbol) [0x00007FF68B78FF5E]
	(No symbol) [0x00007FF68B7911E3]
	GetHandleVerifier [0x00007FF68BC9425D+3490733]
	GetHandleVerifier [0x00007FF68BCABA43+3586963]
	GetHandleVerifier [0x00007FF68BCA147D+3544525]
	GetHandleVerifier [0x00007FF68BA0C9DA+838442]
	(No symbol) [0x00007FF68B8BD04F]
	(No symbol) [0x00007FF68B8B9614]
	(No symbol) [0x00007FF68B8B97B6]
	(No symbol) [0x00007FF68B8A8CE9]
	BaseThreadInitThunk [0x00007FFBBD95E8D7+23]
	RtlUserThreadStart [0x00007FFBBF99BF2C+44]

2025-03-10 13:25:33 - WARNING - Gagal add new product: Message: 
Stacktrace:
	GetHandleVerifier [0x00007FF68B946F15+28773]
	(No symbol) [0x00007FF68B8B2600]
	(No symbol) [0x00007FF68B748FAA]
	(No symbol) [0x00007FF68B79F286]
	(No symbol) [0x00007FF68B79F4BC]
	(No symbol) [0x00007FF68B7F2A27]
	(No symbol) [0x00007FF68B7C728F]
	(No symbol) [0x00007FF68B7EF6F3]
	(No symbol) [0x00007FF68B7C7023]
	(No symbol) [0x00007FF68B78FF5E]
	(No symbol) [0x00007FF68B7911E3]
	GetHandleVerifier [0x00007FF68BC9425D+3490733]
	GetHandleVerifier [0x00007FF68BCABA43+3586963]
	GetHandleVerifier [0x00007FF68BCA147D+3544525]
	GetHandleVerifier [0x00007FF68BA0C9DA+838442]
	(No symbol) [0x00007FF68B8BD04F]
	(No symbol) [0x00007FF68B8B9614]
	(No symbol) [0x00007FF68B8B97B6]
	(No symbol) [0x00007FF68B8A8CE9]
	BaseThreadInitThunk [0x00007FFBBD95E8D7+23]
	RtlUserThreadStart [0x00007FFBBF99BF2C+44]

2025-03-10 13:26:09 - WARNING - Gagal click add product: Message: 
Stacktrace:
	GetHandleVerifier [0x00007FF68B946F15+28773]
	(No symbol) [0x00007FF68B8B2600]
	(No symbol) [0x00007FF68B748FAA]
	(No symbol) [0x00007FF68B79F286]
	(No symbol) [0x00007FF68B79F4BC]
	(No symbol) [0x00007FF68B7F2A27]
	(No symbol) [0x00007FF68B7C728F]
	(No symbol) [0x00007FF68B7EF6F3]
	(No symbol) [0x00007FF68B7C7023]
	(No symbol) [0x00007FF68B78FF5E]
	(No symbol) [0x00007FF68B7911E3]
	GetHandleVerifier [0x00007FF68BC9425D+3490733]
	GetHandleVerifier [0x00007FF68BCABA43+3586963]
	GetHandleVerifier [0x00007FF68BCA147D+3544525]
	GetHandleVerifier [0x00007FF68BA0C9DA+838442]
	(No symbol) [0x00007FF68B8BD04F]
	(No symbol) [0x00007FF68B8B9614]
	(No symbol) [0x00007FF68B8B97B6]
	(No symbol) [0x00007FF68B8A8CE9]
	BaseThreadInitThunk [0x00007FFBBD95E8D7+23]
	RtlUserThreadStart [0x00007FFBBF99BF2C+44]

2025-03-10 13:26:14 - WARNING - Gagal add new product: Message: 
Stacktrace:
	GetHandleVerifier [0x00007FF68B946F15+28773]
	(No symbol) [0x00007FF68B8B2600]
	(No symbol) [0x00007FF68B748FAA]
	(No symbol) [0x00007FF68B79F286]
	(No symbol) [0x00007FF68B79F4BC]
	(No symbol) [0x00007FF68B7F2A27]
	(No symbol) [0x00007FF68B7C728F]
	(No symbol) [0x00007FF68B7EF6F3]
	(No symbol) [0x00007FF68B7C7023]
	(No symbol) [0x00007FF68B78FF5E]
	(No symbol) [0x00007FF68B7911E3]
	GetHandleVerifier [0x00007FF68BC9425D+3490733]
	GetHandleVerifier [0x00007FF68BCABA43+3586963]
	GetHandleVerifier [0x00007FF68BCA147D+3544525]
	GetHandleVerifier [0x00007FF68BA0C9DA+838442]
	(No symbol) [0x00007FF68B8BD04F]
	(No symbol) [0x00007FF68B8B9614]
	(No symbol) [0x00007FF68B8B97B6]
	(No symbol) [0x00007FF68B8A8CE9]
	BaseThreadInitThunk [0x00007FFBBD95E8D7+23]
	RtlUserThreadStart [0x00007FFBBF99BF2C+44]

2025-03-10 13:26:52 - WARNING - Gagal click add product: Message: invalid session id: session deleted as the browser has closed the connection
from disconnected: not connected to DevTools
  (Session info: chrome=134.0.6998.35)
Stacktrace:
	GetHandleVerifier [0x00007FF68B946F15+28773]
	(No symbol) [0x00007FF68B8B2600]
	(No symbol) [0x00007FF68B748FAA]
	(No symbol) [0x00007FF68B734DA5]
	(No symbol) [0x00007FF68B75973A]
	(No symbol) [0x00007FF68B7CEFDF]
	(No symbol) [0x00007FF68B7EEFE2]
	(No symbol) [0x00007FF68B7C7023]
	(No symbol) [0x00007FF68B78FF5E]
	(No symbol) [0x00007FF68B7911E3]
	GetHandleVerifier [0x00007FF68BC9425D+3490733]
	GetHandleVerifier [0x00007FF68BCABA43+3586963]
	GetHandleVerifier [0x00007FF68BCA147D+3544525]
	GetHandleVerifier [0x00007FF68BA0C9DA+838442]
	(No symbol) [0x00007FF68B8BD04F]
	(No symbol) [0x00007FF68B8B9614]
	(No symbol) [0x00007FF68B8B97B6]
	(No symbol) [0x00007FF68B8A8CE9]
	BaseThreadInitThunk [0x00007FFBBD95E8D7+23]
	RtlUserThreadStart [0x00007FFBBF99BF2C+44]

2025-03-10 13:26:52 - WARNING - Gagal add new product: Message: invalid session id
Stacktrace:
	GetHandleVerifier [0x00007FF68B946F15+28773]
	(No symbol) [0x00007FF68B8B2600]
	(No symbol) [0x00007FF68B748DDC]
	(No symbol) [0x00007FF68B78F17F]
	(No symbol) [0x00007FF68B7C7112]
	(No symbol) [0x00007FF68B7C1AA9]
	(No symbol) [0x00007FF68B7C0B59]
	(No symbol) [0x00007FF68B715595]
	GetHandleVerifier [0x00007FF68BC9425D+3490733]
	GetHandleVerifier [0x00007FF68BCABA43+3586963]
	GetHandleVerifier [0x00007FF68BCA147D+3544525]
	GetHandleVerifier [0x00007FF68BA0C9DA+838442]
	(No symbol) [0x00007FF68B8BD04F]
	(No symbol) [0x00007FF68B7141AE]
	GetHandleVerifier [0x00007FF68BD1EDA8+4058872]
	BaseThreadInitThunk [0x00007FFBBD95E8D7+23]
	RtlUserThreadStart [0x00007FFBBF99BF2C+44]

2025-03-10 13:26:52 - WARNING - Gagal Log out: Message: invalid session id
Stacktrace:
	GetHandleVerifier [0x00007FF68B946F15+28773]
	(No symbol) [0x00007FF68B8B2600]
	(No symbol) [0x00007FF68B748DDC]
	(No symbol) [0x00007FF68B78F17F]
	(No symbol) [0x00007FF68B7C7112]
	(No symbol) [0x00007FF68B7C1AA9]
	(No symbol) [0x00007FF68B7C0B59]
	(No symbol) [0x00007FF68B715595]
	GetHandleVerifier [0x00007FF68BC9425D+3490733]
	GetHandleVerifier [0x00007FF68BCABA43+3586963]
	GetHandleVerifier [0x00007FF68BCA147D+3544525]
	GetHandleVerifier [0x00007FF68BA0C9DA+838442]
	(No symbol) [0x00007FF68B8BD04F]
	(No symbol) [0x00007FF68B7141AE]
	GetHandleVerifier [0x00007FF68BD1EDA8+4058872]
	BaseThreadInitThunk [0x00007FFBBD95E8D7+23]
	RtlUserThreadStart [0x00007FFBBF99BF2C+44]

2025-03-10 15:47:36 - WARNING - Gagal click add product: Message: 
Stacktrace:
	GetHandleVerifier [0x00007FF6B0D06F15+28773]
	(No symbol) [0x00007FF6B0C72600]
	(No symbol) [0x00007FF6B0B08FAA]
	(No symbol) [0x00007FF6B0B5F286]
	(No symbol) [0x00007FF6B0B5F4BC]
	(No symbol) [0x00007FF6B0BB2A27]
	(No symbol) [0x00007FF6B0B8728F]
	(No symbol) [0x00007FF6B0BAF6F3]
	(No symbol) [0x00007FF6B0B87023]
	(No symbol) [0x00007FF6B0B4FF5E]
	(No symbol) [0x00007FF6B0B511E3]
	GetHandleVerifier [0x00007FF6B105425D+3490733]
	GetHandleVerifier [0x00007FF6B106BA43+3586963]
	GetHandleVerifier [0x00007FF6B106147D+3544525]
	GetHandleVerifier [0x00007FF6B0DCC9DA+838442]
	(No symbol) [0x00007FF6B0C7D04F]
	(No symbol) [0x00007FF6B0C79614]
	(No symbol) [0x00007FF6B0C797B6]
	(No symbol) [0x00007FF6B0C68CE9]
	BaseThreadInitThunk [0x00007FFBBD95E8D7+23]
	RtlUserThreadStart [0x00007FFBBF99BF2C+44]

2025-03-10 15:47:38 - WARNING - Gagal add new product: Message: target frame detached
  (failed to check if window was closed: disconnected: unable to send message to renderer)
  (Session info: chrome=134.0.6998.35)
Stacktrace:
	GetHandleVerifier [0x00007FF6B0D06F15+28773]
	(No symbol) [0x00007FF6B0C72600]
	(No symbol) [0x00007FF6B0B08DDC]
	(No symbol) [0x00007FF6B0AF60FB]
	(No symbol) [0x00007FF6B0AF4FAE]
	(No symbol) [0x00007FF6B0B1973A]
	(No symbol) [0x00007FF6B0B8EFDF]
	(No symbol) [0x00007FF6B0BAEFE2]
	(No symbol) [0x00007FF6B0B87023]
	(No symbol) [0x00007FF6B0B4FF5E]
	(No symbol) [0x00007FF6B0B511E3]
	GetHandleVerifier [0x00007FF6B105425D+3490733]
	GetHandleVerifier [0x00007FF6B106BA43+3586963]
	GetHandleVerifier [0x00007FF6B106147D+3544525]
	GetHandleVerifier [0x00007FF6B0DCC9DA+838442]
	(No symbol) [0x00007FF6B0C7D04F]
	(No symbol) [0x00007FF6B0C79614]
	(No symbol) [0x00007FF6B0C797B6]
	(No symbol) [0x00007FF6B0C68CE9]
	BaseThreadInitThunk [0x00007FFBBD95E8D7+23]
	RtlUserThreadStart [0x00007FFBBF99BF2C+44]

2025-03-10 15:47:39 - WARNING - Gagal Log out: Message: invalid session id: session deleted as the browser has closed the connection
from disconnected: not connected to DevTools
  (Session info: chrome=134.0.6998.35)
Stacktrace:
	GetHandleVerifier [0x00007FF6B0D06F15+28773]
	(No symbol) [0x00007FF6B0C72600]
	(No symbol) [0x00007FF6B0B08FAA]
	(No symbol) [0x00007FF6B0AF4DA5]
	(No symbol) [0x00007FF6B0B1973A]
	(No symbol) [0x00007FF6B0B8EFDF]
	(No symbol) [0x00007FF6B0BAEFE2]
	(No symbol) [0x00007FF6B0B87023]
	(No symbol) [0x00007FF6B0B4FF5E]
	(No symbol) [0x00007FF6B0B511E3]
	GetHandleVerifier [0x00007FF6B105425D+3490733]
	GetHandleVerifier [0x00007FF6B106BA43+3586963]
	GetHandleVerifier [0x00007FF6B106147D+3544525]
	GetHandleVerifier [0x00007FF6B0DCC9DA+838442]
	(No symbol) [0x00007FF6B0C7D04F]
	(No symbol) [0x00007FF6B0C79614]
	(No symbol) [0x00007FF6B0C797B6]
	(No symbol) [0x00007FF6B0C68CE9]
	BaseThreadInitThunk [0x00007FFBBD95E8D7+23]
	RtlUserThreadStart [0x00007FFBBF99BF2C+44]

2025-03-10 15:48:30 - WARNING - Gagal navigasi ke Master Upload: Message: element not interactable
  (Session info: chrome=134.0.6998.35)
Stacktrace:
	GetHandleVerifier [0x00007FF6B0D06F15+28773]
	(No symbol) [0x00007FF6B0C72600]
	(No symbol) [0x00007FF6B0B08DDC]
	(No symbol) [0x00007FF6B0B606B4]
	(No symbol) [0x00007FF6B0B52284]
	(No symbol) [0x00007FF6B0B8724A]
	(No symbol) [0x00007FF6B0B51B36]
	(No symbol) [0x00007FF6B0B87460]
	(No symbol) [0x00007FF6B0BAF6F3]
	(No symbol) [0x00007FF6B0B87023]
	(No symbol) [0x00007FF6B0B4FF5E]
	(No symbol) [0x00007FF6B0B511E3]
	GetHandleVerifier [0x00007FF6B105425D+3490733]
	GetHandleVerifier [0x00007FF6B106BA43+3586963]
	GetHandleVerifier [0x00007FF6B106147D+3544525]
	GetHandleVerifier [0x00007FF6B0DCC9DA+838442]
	(No symbol) [0x00007FF6B0C7D04F]
	(No symbol) [0x00007FF6B0C79614]
	(No symbol) [0x00007FF6B0C797B6]
	(No symbol) [0x00007FF6B0C68CE9]
	BaseThreadInitThunk [0x00007FFBBD95E8D7+23]
	RtlUserThreadStart [0x00007FFBBF99BF2C+44]

2025-03-10 15:48:35 - WARNING - Gagal click add product: Message: 
Stacktrace:
	GetHandleVerifier [0x00007FF6B0D06F15+28773]
	(No symbol) [0x00007FF6B0C72600]
	(No symbol) [0x00007FF6B0B08FAA]
	(No symbol) [0x00007FF6B0B5F286]
	(No symbol) [0x00007FF6B0B5F4BC]
	(No symbol) [0x00007FF6B0BB2A27]
	(No symbol) [0x00007FF6B0B8728F]
	(No symbol) [0x00007FF6B0BAF6F3]
	(No symbol) [0x00007FF6B0B87023]
	(No symbol) [0x00007FF6B0B4FF5E]
	(No symbol) [0x00007FF6B0B511E3]
	GetHandleVerifier [0x00007FF6B105425D+3490733]
	GetHandleVerifier [0x00007FF6B106BA43+3586963]
	GetHandleVerifier [0x00007FF6B106147D+3544525]
	GetHandleVerifier [0x00007FF6B0DCC9DA+838442]
	(No symbol) [0x00007FF6B0C7D04F]
	(No symbol) [0x00007FF6B0C79614]
	(No symbol) [0x00007FF6B0C797B6]
	(No symbol) [0x00007FF6B0C68CE9]
	BaseThreadInitThunk [0x00007FFBBD95E8D7+23]
	RtlUserThreadStart [0x00007FFBBF99BF2C+44]

2025-03-10 15:48:40 - WARNING - Gagal add new product: Message: 
Stacktrace:
	GetHandleVerifier [0x00007FF6B0D06F15+28773]
	(No symbol) [0x00007FF6B0C72600]
	(No symbol) [0x00007FF6B0B08FAA]
	(No symbol) [0x00007FF6B0B5F286]
	(No symbol) [0x00007FF6B0B5F4BC]
	(No symbol) [0x00007FF6B0BB2A27]
	(No symbol) [0x00007FF6B0B8728F]
	(No symbol) [0x00007FF6B0BAF6F3]
	(No symbol) [0x00007FF6B0B87023]
	(No symbol) [0x00007FF6B0B4FF5E]
	(No symbol) [0x00007FF6B0B511E3]
	GetHandleVerifier [0x00007FF6B105425D+3490733]
	GetHandleVerifier [0x00007FF6B106BA43+3586963]
	GetHandleVerifier [0x00007FF6B106147D+3544525]
	GetHandleVerifier [0x00007FF6B0DCC9DA+838442]
	(No symbol) [0x00007FF6B0C7D04F]
	(No symbol) [0x00007FF6B0C79614]
	(No symbol) [0x00007FF6B0C797B6]
	(No symbol) [0x00007FF6B0C68CE9]
	BaseThreadInitThunk [0x00007FFBBD95E8D7+23]
	RtlUserThreadStart [0x00007FFBBF99BF2C+44]

2025-03-10 15:48:54 - WARNING - Gagal navigasi ke Master Upload: Message: element not interactable
  (Session info: chrome=134.0.6998.35)
Stacktrace:
	GetHandleVerifier [0x00007FF6B0D06F15+28773]
	(No symbol) [0x00007FF6B0C72600]
	(No symbol) [0x00007FF6B0B08DDC]
	(No symbol) [0x00007FF6B0B606B4]
	(No symbol) [0x00007FF6B0B52284]
	(No symbol) [0x00007FF6B0B8724A]
	(No symbol) [0x00007FF6B0B51B36]
	(No symbol) [0x00007FF6B0B87460]
	(No symbol) [0x00007FF6B0BAF6F3]
	(No symbol) [0x00007FF6B0B87023]
	(No symbol) [0x00007FF6B0B4FF5E]
	(No symbol) [0x00007FF6B0B511E3]
	GetHandleVerifier [0x00007FF6B105425D+3490733]
	GetHandleVerifier [0x00007FF6B106BA43+3586963]
	GetHandleVerifier [0x00007FF6B106147D+3544525]
	GetHandleVerifier [0x00007FF6B0DCC9DA+838442]
	(No symbol) [0x00007FF6B0C7D04F]
	(No symbol) [0x00007FF6B0C79614]
	(No symbol) [0x00007FF6B0C797B6]
	(No symbol) [0x00007FF6B0C68CE9]
	BaseThreadInitThunk [0x00007FFBBD95E8D7+23]
	RtlUserThreadStart [0x00007FFBBF99BF2C+44]

2025-03-10 15:49:00 - WARNING - Gagal click add product: Message: 
Stacktrace:
	GetHandleVerifier [0x00007FF6B0D06F15+28773]
	(No symbol) [0x00007FF6B0C72600]
	(No symbol) [0x00007FF6B0B08FAA]
	(No symbol) [0x00007FF6B0B5F286]
	(No symbol) [0x00007FF6B0B5F4BC]
	(No symbol) [0x00007FF6B0BB2A27]
	(No symbol) [0x00007FF6B0B8728F]
	(No symbol) [0x00007FF6B0BAF6F3]
	(No symbol) [0x00007FF6B0B87023]
	(No symbol) [0x00007FF6B0B4FF5E]
	(No symbol) [0x00007FF6B0B511E3]
	GetHandleVerifier [0x00007FF6B105425D+3490733]
	GetHandleVerifier [0x00007FF6B106BA43+3586963]
	GetHandleVerifier [0x00007FF6B106147D+3544525]
	GetHandleVerifier [0x00007FF6B0DCC9DA+838442]
	(No symbol) [0x00007FF6B0C7D04F]
	(No symbol) [0x00007FF6B0C79614]
	(No symbol) [0x00007FF6B0C797B6]
	(No symbol) [0x00007FF6B0C68CE9]
	BaseThreadInitThunk [0x00007FFBBD95E8D7+23]
	RtlUserThreadStart [0x00007FFBBF99BF2C+44]

2025-03-10 15:49:05 - WARNING - Gagal add new product: Message: 
Stacktrace:
	GetHandleVerifier [0x00007FF6B0D06F15+28773]
	(No symbol) [0x00007FF6B0C72600]
	(No symbol) [0x00007FF6B0B08FAA]
	(No symbol) [0x00007FF6B0B5F286]
	(No symbol) [0x00007FF6B0B5F4BC]
	(No symbol) [0x00007FF6B0BB2A27]
	(No symbol) [0x00007FF6B0B8728F]
	(No symbol) [0x00007FF6B0BAF6F3]
	(No symbol) [0x00007FF6B0B87023]
	(No symbol) [0x00007FF6B0B4FF5E]
	(No symbol) [0x00007FF6B0B511E3]
	GetHandleVerifier [0x00007FF6B105425D+3490733]
	GetHandleVerifier [0x00007FF6B106BA43+3586963]
	GetHandleVerifier [0x00007FF6B106147D+3544525]
	GetHandleVerifier [0x00007FF6B0DCC9DA+838442]
	(No symbol) [0x00007FF6B0C7D04F]
	(No symbol) [0x00007FF6B0C79614]
	(No symbol) [0x00007FF6B0C797B6]
	(No symbol) [0x00007FF6B0C68CE9]
	BaseThreadInitThunk [0x00007FFBBD95E8D7+23]
	RtlUserThreadStart [0x00007FFBBF99BF2C+44]

2025-03-10 15:50:53 - WARNING - Gagal click add product: Message: 
Stacktrace:
	GetHandleVerifier [0x00007FF6B0D06F15+28773]
	(No symbol) [0x00007FF6B0C72600]
	(No symbol) [0x00007FF6B0B08FAA]
	(No symbol) [0x00007FF6B0B5F286]
	(No symbol) [0x00007FF6B0B5F4BC]
	(No symbol) [0x00007FF6B0BB2A27]
	(No symbol) [0x00007FF6B0B8728F]
	(No symbol) [0x00007FF6B0BAF6F3]
	(No symbol) [0x00007FF6B0B87023]
	(No symbol) [0x00007FF6B0B4FF5E]
	(No symbol) [0x00007FF6B0B511E3]
	GetHandleVerifier [0x00007FF6B105425D+3490733]
	GetHandleVerifier [0x00007FF6B106BA43+3586963]
	GetHandleVerifier [0x00007FF6B106147D+3544525]
	GetHandleVerifier [0x00007FF6B0DCC9DA+838442]
	(No symbol) [0x00007FF6B0C7D04F]
	(No symbol) [0x00007FF6B0C79614]
	(No symbol) [0x00007FF6B0C797B6]
	(No symbol) [0x00007FF6B0C68CE9]
	BaseThreadInitThunk [0x00007FFBBD95E8D7+23]
	RtlUserThreadStart [0x00007FFBBF99BF2C+44]

2025-03-10 15:50:58 - WARNING - Gagal add new product: Message: 
Stacktrace:
	GetHandleVerifier [0x00007FF6B0D06F15+28773]
	(No symbol) [0x00007FF6B0C72600]
	(No symbol) [0x00007FF6B0B08FAA]
	(No symbol) [0x00007FF6B0B5F286]
	(No symbol) [0x00007FF6B0B5F4BC]
	(No symbol) [0x00007FF6B0BB2A27]
	(No symbol) [0x00007FF6B0B8728F]
	(No symbol) [0x00007FF6B0BAF6F3]
	(No symbol) [0x00007FF6B0B87023]
	(No symbol) [0x00007FF6B0B4FF5E]
	(No symbol) [0x00007FF6B0B511E3]
	GetHandleVerifier [0x00007FF6B105425D+3490733]
	GetHandleVerifier [0x00007FF6B106BA43+3586963]
	GetHandleVerifier [0x00007FF6B106147D+3544525]
	GetHandleVerifier [0x00007FF6B0DCC9DA+838442]
	(No symbol) [0x00007FF6B0C7D04F]
	(No symbol) [0x00007FF6B0C79614]
	(No symbol) [0x00007FF6B0C797B6]
	(No symbol) [0x00007FF6B0C68CE9]
	BaseThreadInitThunk [0x00007FFBBD95E8D7+23]
	RtlUserThreadStart [0x00007FFBBF99BF2C+44]

2025-03-10 15:50:58 - WARNING - Gagal Log out: Message: element not interactable
  (Session info: chrome=134.0.6998.35)
Stacktrace:
	GetHandleVerifier [0x00007FF6B0D06F15+28773]
	(No symbol) [0x00007FF6B0C72600]
	(No symbol) [0x00007FF6B0B08DDC]
	(No symbol) [0x00007FF6B0B606B4]
	(No symbol) [0x00007FF6B0B52284]
	(No symbol) [0x00007FF6B0B8724A]
	(No symbol) [0x00007FF6B0B51B36]
	(No symbol) [0x00007FF6B0B87460]
	(No symbol) [0x00007FF6B0BAF6F3]
	(No symbol) [0x00007FF6B0B87023]
	(No symbol) [0x00007FF6B0B4FF5E]
	(No symbol) [0x00007FF6B0B511E3]
	GetHandleVerifier [0x00007FF6B105425D+3490733]
	GetHandleVerifier [0x00007FF6B106BA43+3586963]
	GetHandleVerifier [0x00007FF6B106147D+3544525]
	GetHandleVerifier [0x00007FF6B0DCC9DA+838442]
	(No symbol) [0x00007FF6B0C7D04F]
	(No symbol) [0x00007FF6B0C79614]
	(No symbol) [0x00007FF6B0C797B6]
	(No symbol) [0x00007FF6B0C68CE9]
	BaseThreadInitThunk [0x00007FFBBD95E8D7+23]
	RtlUserThreadStart [0x00007FFBBF99BF2C+44]

2025-03-10 15:51:27 - WARNING - Gagal upload dengan produk: Message: 
Stacktrace:
	GetHandleVerifier [0x00007FF6B0D06F15+28773]
	(No symbol) [0x00007FF6B0C72600]
	(No symbol) [0x00007FF6B0B08FAA]
	(No symbol) [0x00007FF6B0B5F286]
	(No symbol) [0x00007FF6B0B5F4BC]
	(No symbol) [0x00007FF6B0BB2A27]
	(No symbol) [0x00007FF6B0B8728F]
	(No symbol) [0x00007FF6B0BAF6F3]
	(No symbol) [0x00007FF6B0B87023]
	(No symbol) [0x00007FF6B0B4FF5E]
	(No symbol) [0x00007FF6B0B511E3]
	GetHandleVerifier [0x00007FF6B105425D+3490733]
	GetHandleVerifier [0x00007FF6B106BA43+3586963]
	GetHandleVerifier [0x00007FF6B106147D+3544525]
	GetHandleVerifier [0x00007FF6B0DCC9DA+838442]
	(No symbol) [0x00007FF6B0C7D04F]
	(No symbol) [0x00007FF6B0C79614]
	(No symbol) [0x00007FF6B0C797B6]
	(No symbol) [0x00007FF6B0C68CE9]
	BaseThreadInitThunk [0x00007FFBBD95E8D7+23]
	RtlUserThreadStart [0x00007FFBBF99BF2C+44]

2025-03-10 15:52:48 - WARNING - Gagal click add product: Message: 
Stacktrace:
	GetHandleVerifier [0x00007FF6B0D06F15+28773]
	(No symbol) [0x00007FF6B0C72600]
	(No symbol) [0x00007FF6B0B08FAA]
	(No symbol) [0x00007FF6B0B5F286]
	(No symbol) [0x00007FF6B0B5F4BC]
	(No symbol) [0x00007FF6B0BB2A27]
	(No symbol) [0x00007FF6B0B8728F]
	(No symbol) [0x00007FF6B0BAF6F3]
	(No symbol) [0x00007FF6B0B87023]
	(No symbol) [0x00007FF6B0B4FF5E]
	(No symbol) [0x00007FF6B0B511E3]
	GetHandleVerifier [0x00007FF6B105425D+3490733]
	GetHandleVerifier [0x00007FF6B106BA43+3586963]
	GetHandleVerifier [0x00007FF6B106147D+3544525]
	GetHandleVerifier [0x00007FF6B0DCC9DA+838442]
	(No symbol) [0x00007FF6B0C7D04F]
	(No symbol) [0x00007FF6B0C79614]
	(No symbol) [0x00007FF6B0C797B6]
	(No symbol) [0x00007FF6B0C68CE9]
	BaseThreadInitThunk [0x00007FFBBD95E8D7+23]
	RtlUserThreadStart [0x00007FFBBF99BF2C+44]

2025-03-10 15:52:55 - WARNING - Gagal add new product: ('Connection aborted.', ConnectionResetError(10054, 'An existing connection was forcibly closed by the remote host', None, 10054, None))
2025-03-10 15:52:59 - WARNING - Retrying (Retry(total=2, connect=None, read=None, redirect=None, status=None)) after connection broken by 'NewConnectionError('<urllib3.connection.HTTPConnection object at 0x0000016B6D7E2850>: Failed to establish a new connection: [WinError 10061] No connection could be made because the target machine actively refused it')': /session/9c3b3e2d8e464276a33ef87f5b71f55d/element
2025-03-10 15:53:03 - WARNING - Retrying (Retry(total=1, connect=None, read=None, redirect=None, status=None)) after connection broken by 'NewConnectionError('<urllib3.connection.HTTPConnection object at 0x0000016B6D7E2490>: Failed to establish a new connection: [WinError 10061] No connection could be made because the target machine actively refused it')': /session/9c3b3e2d8e464276a33ef87f5b71f55d/element
2025-03-10 15:53:07 - WARNING - Retrying (Retry(total=0, connect=None, read=None, redirect=None, status=None)) after connection broken by 'NewConnectionError('<urllib3.connection.HTTPConnection object at 0x0000016B6D7D0770>: Failed to establish a new connection: [WinError 10061] No connection could be made because the target machine actively refused it')': /session/9c3b3e2d8e464276a33ef87f5b71f55d/element
2025-03-10 15:53:11 - WARNING - Gagal Log out: HTTPConnectionPool(host='localhost', port=62361): Max retries exceeded with url: /session/9c3b3e2d8e464276a33ef87f5b71f55d/element (Caused by NewConnectionError('<urllib3.connection.HTTPConnection object at 0x0000016B6D7D1810>: Failed to establish a new connection: [WinError 10061] No connection could be made because the target machine actively refused it'))
2025-03-10 15:55:04 - WARNING - Gagal click add product: Message: 
Stacktrace:
	GetHandleVerifier [0x00007FF6B0D06F15+28773]
	(No symbol) [0x00007FF6B0C72600]
	(No symbol) [0x00007FF6B0B08FAA]
	(No symbol) [0x00007FF6B0B5F286]
	(No symbol) [0x00007FF6B0B5F4BC]
	(No symbol) [0x00007FF6B0BB2A27]
	(No symbol) [0x00007FF6B0B8728F]
	(No symbol) [0x00007FF6B0BAF6F3]
	(No symbol) [0x00007FF6B0B87023]
	(No symbol) [0x00007FF6B0B4FF5E]
	(No symbol) [0x00007FF6B0B511E3]
	GetHandleVerifier [0x00007FF6B105425D+3490733]
	GetHandleVerifier [0x00007FF6B106BA43+3586963]
	GetHandleVerifier [0x00007FF6B106147D+3544525]
	GetHandleVerifier [0x00007FF6B0DCC9DA+838442]
	(No symbol) [0x00007FF6B0C7D04F]
	(No symbol) [0x00007FF6B0C79614]
	(No symbol) [0x00007FF6B0C797B6]
	(No symbol) [0x00007FF6B0C68CE9]
	BaseThreadInitThunk [0x00007FFBBD95E8D7+23]
	RtlUserThreadStart [0x00007FFBBF99BF2C+44]

2025-03-10 15:55:09 - WARNING - Gagal add new product: Message: 
Stacktrace:
	GetHandleVerifier [0x00007FF6B0D06F15+28773]
	(No symbol) [0x00007FF6B0C72600]
	(No symbol) [0x00007FF6B0B08FAA]
	(No symbol) [0x00007FF6B0B5F286]
	(No symbol) [0x00007FF6B0B5F4BC]
	(No symbol) [0x00007FF6B0BB2A27]
	(No symbol) [0x00007FF6B0B8728F]
	(No symbol) [0x00007FF6B0BAF6F3]
	(No symbol) [0x00007FF6B0B87023]
	(No symbol) [0x00007FF6B0B4FF5E]
	(No symbol) [0x00007FF6B0B511E3]
	GetHandleVerifier [0x00007FF6B105425D+3490733]
	GetHandleVerifier [0x00007FF6B106BA43+3586963]
	GetHandleVerifier [0x00007FF6B106147D+3544525]
	GetHandleVerifier [0x00007FF6B0DCC9DA+838442]
	(No symbol) [0x00007FF6B0C7D04F]
	(No symbol) [0x00007FF6B0C79614]
	(No symbol) [0x00007FF6B0C797B6]
	(No symbol) [0x00007FF6B0C68CE9]
	BaseThreadInitThunk [0x00007FFBBD95E8D7+23]
	RtlUserThreadStart [0x00007FFBBF99BF2C+44]

2025-03-10 15:56:59 - WARNING - Gagal click add product: Message: 
Stacktrace:
	GetHandleVerifier [0x00007FF6B0D06F15+28773]
	(No symbol) [0x00007FF6B0C72600]
	(No symbol) [0x00007FF6B0B08FAA]
	(No symbol) [0x00007FF6B0B5F286]
	(No symbol) [0x00007FF6B0B5F4BC]
	(No symbol) [0x00007FF6B0BB2A27]
	(No symbol) [0x00007FF6B0B8728F]
	(No symbol) [0x00007FF6B0BAF6F3]
	(No symbol) [0x00007FF6B0B87023]
	(No symbol) [0x00007FF6B0B4FF5E]
	(No symbol) [0x00007FF6B0B511E3]
	GetHandleVerifier [0x00007FF6B105425D+3490733]
	GetHandleVerifier [0x00007FF6B106BA43+3586963]
	GetHandleVerifier [0x00007FF6B106147D+3544525]
	GetHandleVerifier [0x00007FF6B0DCC9DA+838442]
	(No symbol) [0x00007FF6B0C7D04F]
	(No symbol) [0x00007FF6B0C79614]
	(No symbol) [0x00007FF6B0C797B6]
	(No symbol) [0x00007FF6B0C68CE9]
	BaseThreadInitThunk [0x00007FFBBD95E8D7+23]
	RtlUserThreadStart [0x00007FFBBF99BF2C+44]

2025-03-10 15:57:04 - WARNING - Gagal add new product: Message: 
Stacktrace:
	GetHandleVerifier [0x00007FF6B0D06F15+28773]
	(No symbol) [0x00007FF6B0C72600]
	(No symbol) [0x00007FF6B0B08FAA]
	(No symbol) [0x00007FF6B0B5F286]
	(No symbol) [0x00007FF6B0B5F4BC]
	(No symbol) [0x00007FF6B0BB2A27]
	(No symbol) [0x00007FF6B0B8728F]
	(No symbol) [0x00007FF6B0BAF6F3]
	(No symbol) [0x00007FF6B0B87023]
	(No symbol) [0x00007FF6B0B4FF5E]
	(No symbol) [0x00007FF6B0B511E3]
	GetHandleVerifier [0x00007FF6B105425D+3490733]
	GetHandleVerifier [0x00007FF6B106BA43+3586963]
	GetHandleVerifier [0x00007FF6B106147D+3544525]
	GetHandleVerifier [0x00007FF6B0DCC9DA+838442]
	(No symbol) [0x00007FF6B0C7D04F]
	(No symbol) [0x00007FF6B0C79614]
	(No symbol) [0x00007FF6B0C797B6]
	(No symbol) [0x00007FF6B0C68CE9]
	BaseThreadInitThunk [0x00007FFBBD95E8D7+23]
	RtlUserThreadStart [0x00007FFBBF99BF2C+44]

2025-03-10 15:58:34 - WARNING - Gagal add new product: Message: 
Stacktrace:
	GetHandleVerifier [0x00007FF6B0D06F15+28773]
	(No symbol) [0x00007FF6B0C72600]
	(No symbol) [0x00007FF6B0B08FAA]
	(No symbol) [0x00007FF6B0B5F286]
	(No symbol) [0x00007FF6B0B5F4BC]
	(No symbol) [0x00007FF6B0BB2A27]
	(No symbol) [0x00007FF6B0B8728F]
	(No symbol) [0x00007FF6B0BAF6F3]
	(No symbol) [0x00007FF6B0B87023]
	(No symbol) [0x00007FF6B0B4FF5E]
	(No symbol) [0x00007FF6B0B511E3]
	GetHandleVerifier [0x00007FF6B105425D+3490733]
	GetHandleVerifier [0x00007FF6B106BA43+3586963]
	GetHandleVerifier [0x00007FF6B106147D+3544525]
	GetHandleVerifier [0x00007FF6B0DCC9DA+838442]
	(No symbol) [0x00007FF6B0C7D04F]
	(No symbol) [0x00007FF6B0C79614]
	(No symbol) [0x00007FF6B0C797B6]
	(No symbol) [0x00007FF6B0C68CE9]
	BaseThreadInitThunk [0x00007FFBBD95E8D7+23]
	RtlUserThreadStart [0x00007FFBBF99BF2C+44]

2025-03-10 15:59:46 - WARNING - Gagal add new product: Message: element not interactable
  (Session info: chrome=134.0.6998.35)
Stacktrace:
	GetHandleVerifier [0x00007FF6B0D06F15+28773]
	(No symbol) [0x00007FF6B0C72600]
	(No symbol) [0x00007FF6B0B08DDC]
	(No symbol) [0x00007FF6B0B58A94]
	(No symbol) [0x00007FF6B0B56AF1]
	(No symbol) [0x00007FF6B0B8724A]
	(No symbol) [0x00007FF6B0B51B36]
	(No symbol) [0x00007FF6B0B87460]
	(No symbol) [0x00007FF6B0BAF6F3]
	(No symbol) [0x00007FF6B0B87023]
	(No symbol) [0x00007FF6B0B4FF5E]
	(No symbol) [0x00007FF6B0B511E3]
	GetHandleVerifier [0x00007FF6B105425D+3490733]
	GetHandleVerifier [0x00007FF6B106BA43+3586963]
	GetHandleVerifier [0x00007FF6B106147D+3544525]
	GetHandleVerifier [0x00007FF6B0DCC9DA+838442]
	(No symbol) [0x00007FF6B0C7D04F]
	(No symbol) [0x00007FF6B0C79614]
	(No symbol) [0x00007FF6B0C797B6]
	(No symbol) [0x00007FF6B0C68CE9]
	BaseThreadInitThunk [0x00007FFBBD95E8D7+23]
	RtlUserThreadStart [0x00007FFBBF99BF2C+44]

2025-03-10 16:02:18 - WARNING - Gagal add new product: Message: element not interactable
  (Session info: chrome=134.0.6998.35)
Stacktrace:
	GetHandleVerifier [0x00007FF6B0D06F15+28773]
	(No symbol) [0x00007FF6B0C72600]
	(No symbol) [0x00007FF6B0B08DDC]
	(No symbol) [0x00007FF6B0B58A94]
	(No symbol) [0x00007FF6B0B56AF1]
	(No symbol) [0x00007FF6B0B8724A]
	(No symbol) [0x00007FF6B0B51B36]
	(No symbol) [0x00007FF6B0B87460]
	(No symbol) [0x00007FF6B0BAF6F3]
	(No symbol) [0x00007FF6B0B87023]
	(No symbol) [0x00007FF6B0B4FF5E]
	(No symbol) [0x00007FF6B0B511E3]
	GetHandleVerifier [0x00007FF6B105425D+3490733]
	GetHandleVerifier [0x00007FF6B106BA43+3586963]
	GetHandleVerifier [0x00007FF6B106147D+3544525]
	GetHandleVerifier [0x00007FF6B0DCC9DA+838442]
	(No symbol) [0x00007FF6B0C7D04F]
	(No symbol) [0x00007FF6B0C79614]
	(No symbol) [0x00007FF6B0C797B6]
	(No symbol) [0x00007FF6B0C68CE9]
	BaseThreadInitThunk [0x00007FFBBD95E8D7+23]
	RtlUserThreadStart [0x00007FFBBF99BF2C+44]

2025-03-10 16:05:50 - WARNING - Gagal add new product: Message: element not interactable
  (Session info: chrome=134.0.6998.35)
Stacktrace:
	GetHandleVerifier [0x00007FF6B0D06F15+28773]
	(No symbol) [0x00007FF6B0C72600]
	(No symbol) [0x00007FF6B0B08DDC]
	(No symbol) [0x00007FF6B0B58A94]
	(No symbol) [0x00007FF6B0B56AF1]
	(No symbol) [0x00007FF6B0B8724A]
	(No symbol) [0x00007FF6B0B51B36]
	(No symbol) [0x00007FF6B0B87460]
	(No symbol) [0x00007FF6B0BAF6F3]
	(No symbol) [0x00007FF6B0B87023]
	(No symbol) [0x00007FF6B0B4FF5E]
	(No symbol) [0x00007FF6B0B511E3]
	GetHandleVerifier [0x00007FF6B105425D+3490733]
	GetHandleVerifier [0x00007FF6B106BA43+3586963]
	GetHandleVerifier [0x00007FF6B106147D+3544525]
	GetHandleVerifier [0x00007FF6B0DCC9DA+838442]
	(No symbol) [0x00007FF6B0C7D04F]
	(No symbol) [0x00007FF6B0C79614]
	(No symbol) [0x00007FF6B0C797B6]
	(No symbol) [0x00007FF6B0C68CE9]
	BaseThreadInitThunk [0x00007FFBBD95E8D7+23]
	RtlUserThreadStart [0x00007FFBBF99BF2C+44]

2025-03-10 16:06:15 - WARNING - Gagal add new product: Message: element not interactable
  (Session info: chrome=134.0.6998.35)
Stacktrace:
	GetHandleVerifier [0x00007FF6B0D06F15+28773]
	(No symbol) [0x00007FF6B0C72600]
	(No symbol) [0x00007FF6B0B08DDC]
	(No symbol) [0x00007FF6B0B58A94]
	(No symbol) [0x00007FF6B0B56AF1]
	(No symbol) [0x00007FF6B0B8724A]
	(No symbol) [0x00007FF6B0B51B36]
	(No symbol) [0x00007FF6B0B87460]
	(No symbol) [0x00007FF6B0BAF6F3]
	(No symbol) [0x00007FF6B0B87023]
	(No symbol) [0x00007FF6B0B4FF5E]
	(No symbol) [0x00007FF6B0B511E3]
	GetHandleVerifier [0x00007FF6B105425D+3490733]
	GetHandleVerifier [0x00007FF6B106BA43+3586963]
	GetHandleVerifier [0x00007FF6B106147D+3544525]
	GetHandleVerifier [0x00007FF6B0DCC9DA+838442]
	(No symbol) [0x00007FF6B0C7D04F]
	(No symbol) [0x00007FF6B0C79614]
	(No symbol) [0x00007FF6B0C797B6]
	(No symbol) [0x00007FF6B0C68CE9]
	BaseThreadInitThunk [0x00007FFBBD95E8D7+23]
	RtlUserThreadStart [0x00007FFBBF99BF2C+44]

2025-03-10 16:06:53 - WARNING - Gagal add new product: Message: element not interactable
  (Session info: chrome=134.0.6998.35)
Stacktrace:
	GetHandleVerifier [0x00007FF6B0D06F15+28773]
	(No symbol) [0x00007FF6B0C72600]
	(No symbol) [0x00007FF6B0B08DDC]
	(No symbol) [0x00007FF6B0B58A94]
	(No symbol) [0x00007FF6B0B56AF1]
	(No symbol) [0x00007FF6B0B8724A]
	(No symbol) [0x00007FF6B0B51B36]
	(No symbol) [0x00007FF6B0B87460]
	(No symbol) [0x00007FF6B0BAF6F3]
	(No symbol) [0x00007FF6B0B87023]
	(No symbol) [0x00007FF6B0B4FF5E]
	(No symbol) [0x00007FF6B0B511E3]
	GetHandleVerifier [0x00007FF6B105425D+3490733]
	GetHandleVerifier [0x00007FF6B106BA43+3586963]
	GetHandleVerifier [0x00007FF6B106147D+3544525]
	GetHandleVerifier [0x00007FF6B0DCC9DA+838442]
	(No symbol) [0x00007FF6B0C7D04F]
	(No symbol) [0x00007FF6B0C79614]
	(No symbol) [0x00007FF6B0C797B6]
	(No symbol) [0x00007FF6B0C68CE9]
	BaseThreadInitThunk [0x00007FFBBD95E8D7+23]
	RtlUserThreadStart [0x00007FFBBF99BF2C+44]

2025-03-13 11:47:01 - WARNING - Gagal memilih campaign: Message: Could not locate element with index 8; For documentation on this error, please visit: https://www.selenium.dev/documentation/webdriver/troubleshooting/errors#no-such-element-exception

2025-03-13 11:57:10 - WARNING - Gagal add new product: cannot access local variable 'click_submit' where it is not associated with a value
2025-03-13 11:58:58 - WARNING - Gagal add new product: cannot access local variable 'click_submit' where it is not associated with a value
2025-03-13 11:59:43 - WARNING - Gagal add new product: cannot access local variable 'click_submit' where it is not associated with a value
2025-03-13 12:40:18 - WARNING - Gagal click: 'WebDriver' object has no attribute 'element_to_be_clickable'
2025-03-13 12:42:22 - WARNING - Gagal click: Message: invalid session id: session deleted as the browser has closed the connection
from disconnected: not connected to DevTools
  (Session info: chrome=134.0.6998.89)
Stacktrace:
	GetHandleVerifier [0x00007FF73E456F15+28773]
	(No symbol) [0x00007FF73E3C2600]
	(No symbol) [0x00007FF73E258FAA]
	(No symbol) [0x00007FF73E244DA5]
	(No symbol) [0x00007FF73E26973A]
	(No symbol) [0x00007FF73E2DEFDF]
	(No symbol) [0x00007FF73E2FEFE2]
	(No symbol) [0x00007FF73E2D7023]
	(No symbol) [0x00007FF73E29FF5E]
	(No symbol) [0x00007FF73E2A11E3]
	GetHandleVerifier [0x00007FF73E7A425D+3490733]
	GetHandleVerifier [0x00007FF73E7BBA43+3586963]
	GetHandleVerifier [0x00007FF73E7B147D+3544525]
	GetHandleVerifier [0x00007FF73E51C9DA+838442]
	(No symbol) [0x00007FF73E3CD04F]
	(No symbol) [0x00007FF73E3C9614]
	(No symbol) [0x00007FF73E3C97B6]
	(No symbol) [0x00007FF73E3B8CE9]
	BaseThreadInitThunk [0x00007FFDF3D4E8D7+23]
	RtlUserThreadStart [0x00007FFDF427BF2C+44]

2025-03-13 12:42:22 - WARNING - Gagal Log out: Message: invalid session id
Stacktrace:
	GetHandleVerifier [0x00007FF73E456F15+28773]
	(No symbol) [0x00007FF73E3C2600]
	(No symbol) [0x00007FF73E258DDC]
	(No symbol) [0x00007FF73E29F17F]
	(No symbol) [0x00007FF73E2D7112]
	(No symbol) [0x00007FF73E2D1AA9]
	(No symbol) [0x00007FF73E2D0B59]
	(No symbol) [0x00007FF73E225595]
	GetHandleVerifier [0x00007FF73E7A425D+3490733]
	GetHandleVerifier [0x00007FF73E7BBA43+3586963]
	GetHandleVerifier [0x00007FF73E7B147D+3544525]
	GetHandleVerifier [0x00007FF73E51C9DA+838442]
	(No symbol) [0x00007FF73E3CD04F]
	(No symbol) [0x00007FF73E2241AE]
	GetHandleVerifier [0x00007FF73E82EDA8+4058872]
	BaseThreadInitThunk [0x00007FFDF3D4E8D7+23]
	RtlUserThreadStart [0x00007FFDF427BF2C+44]

2025-03-13 12:44:24 - WARNING - Gagal click: 'WebDriver' object has no attribute 'element_to_be_clickable'
2025-03-13 12:45:56 - WARNING - Gagal click product: Message: invalid session id: session deleted as the browser has closed the connection
from disconnected: not connected to DevTools
  (Session info: chrome=134.0.6998.89)
Stacktrace:
	GetHandleVerifier [0x00007FF73E456F15+28773]
	(No symbol) [0x00007FF73E3C2600]
	(No symbol) [0x00007FF73E258FAA]
	(No symbol) [0x00007FF73E244DA5]
	(No symbol) [0x00007FF73E26973A]
	(No symbol) [0x00007FF73E2DEFDF]
	(No symbol) [0x00007FF73E2FEFE2]
	(No symbol) [0x00007FF73E2D7023]
	(No symbol) [0x00007FF73E29FF5E]
	(No symbol) [0x00007FF73E2A11E3]
	GetHandleVerifier [0x00007FF73E7A425D+3490733]
	GetHandleVerifier [0x00007FF73E7BBA43+3586963]
	GetHandleVerifier [0x00007FF73E7B147D+3544525]
	GetHandleVerifier [0x00007FF73E51C9DA+838442]
	(No symbol) [0x00007FF73E3CD04F]
	(No symbol) [0x00007FF73E3C9614]
	(No symbol) [0x00007FF73E3C97B6]
	(No symbol) [0x00007FF73E3B8CE9]
	BaseThreadInitThunk [0x00007FFDF3D4E8D7+23]
	RtlUserThreadStart [0x00007FFDF427BF2C+44]

2025-03-13 12:45:56 - WARNING - Gagal click product list: Message: invalid session id
Stacktrace:
	GetHandleVerifier [0x00007FF73E456F15+28773]
	(No symbol) [0x00007FF73E3C2600]
	(No symbol) [0x00007FF73E258DDC]
	(No symbol) [0x00007FF73E29F17F]
	(No symbol) [0x00007FF73E2D7112]
	(No symbol) [0x00007FF73E2D1AA9]
	(No symbol) [0x00007FF73E2D0B59]
	(No symbol) [0x00007FF73E225595]
	GetHandleVerifier [0x00007FF73E7A425D+3490733]
	GetHandleVerifier [0x00007FF73E7BBA43+3586963]
	GetHandleVerifier [0x00007FF73E7B147D+3544525]
	GetHandleVerifier [0x00007FF73E51C9DA+838442]
	(No symbol) [0x00007FF73E3CD04F]
	(No symbol) [0x00007FF73E2241AE]
	GetHandleVerifier [0x00007FF73E82EDA8+4058872]
	BaseThreadInitThunk [0x00007FFDF3D4E8D7+23]
	RtlUserThreadStart [0x00007FFDF427BF2C+44]

2025-03-13 12:45:56 - WARNING - Gagal click add product: Message: invalid session id
Stacktrace:
	GetHandleVerifier [0x00007FF73E456F15+28773]
	(No symbol) [0x00007FF73E3C2600]
	(No symbol) [0x00007FF73E258DDC]
	(No symbol) [0x00007FF73E29F17F]
	(No symbol) [0x00007FF73E2D7112]
	(No symbol) [0x00007FF73E2D1AA9]
	(No symbol) [0x00007FF73E2D0B59]
	(No symbol) [0x00007FF73E225595]
	GetHandleVerifier [0x00007FF73E7A425D+3490733]
	GetHandleVerifier [0x00007FF73E7BBA43+3586963]
	GetHandleVerifier [0x00007FF73E7B147D+3544525]
	GetHandleVerifier [0x00007FF73E51C9DA+838442]
	(No symbol) [0x00007FF73E3CD04F]
	(No symbol) [0x00007FF73E2241AE]
	GetHandleVerifier [0x00007FF73E82EDA8+4058872]
	BaseThreadInitThunk [0x00007FFDF3D4E8D7+23]
	RtlUserThreadStart [0x00007FFDF427BF2C+44]

2025-03-13 12:45:56 - WARNING - Gagal add new product: Message: invalid session id
Stacktrace:
	GetHandleVerifier [0x00007FF73E456F15+28773]
	(No symbol) [0x00007FF73E3C2600]
	(No symbol) [0x00007FF73E258DDC]
	(No symbol) [0x00007FF73E29F17F]
	(No symbol) [0x00007FF73E2D7112]
	(No symbol) [0x00007FF73E2D1AA9]
	(No symbol) [0x00007FF73E2D0B59]
	(No symbol) [0x00007FF73E225595]
	GetHandleVerifier [0x00007FF73E7A425D+3490733]
	GetHandleVerifier [0x00007FF73E7BBA43+3586963]
	GetHandleVerifier [0x00007FF73E7B147D+3544525]
	GetHandleVerifier [0x00007FF73E51C9DA+838442]
	(No symbol) [0x00007FF73E3CD04F]
	(No symbol) [0x00007FF73E2241AE]
	GetHandleVerifier [0x00007FF73E82EDA8+4058872]
	BaseThreadInitThunk [0x00007FFDF3D4E8D7+23]
	RtlUserThreadStart [0x00007FFDF427BF2C+44]

2025-03-13 12:45:59 - WARNING - Gagal Log out: Message: invalid session id
Stacktrace:
	GetHandleVerifier [0x00007FF73E456F15+28773]
	(No symbol) [0x00007FF73E3C2600]
	(No symbol) [0x00007FF73E258DDC]
	(No symbol) [0x00007FF73E29F17F]
	(No symbol) [0x00007FF73E2D7112]
	(No symbol) [0x00007FF73E2D1AA9]
	(No symbol) [0x00007FF73E2D0B59]
	(No symbol) [0x00007FF73E225595]
	GetHandleVerifier [0x00007FF73E7A425D+3490733]
	GetHandleVerifier [0x00007FF73E7BBA43+3586963]
	GetHandleVerifier [0x00007FF73E7B147D+3544525]
	GetHandleVerifier [0x00007FF73E51C9DA+838442]
	(No symbol) [0x00007FF73E3CD04F]
	(No symbol) [0x00007FF73E2241AE]
	GetHandleVerifier [0x00007FF73E82EDA8+4058872]
	BaseThreadInitThunk [0x00007FFDF3D4E8D7+23]
	RtlUserThreadStart [0x00007FFDF427BF2C+44]

2025-03-13 14:01:21 - WARNING - Gagal select index: Message: no such element: Unable to locate element: {"method":"xpath","selector":"//span[@id='select2-products-container']"}
  (Session info: chrome=134.0.6998.89); For documentation on this error, please visit: https://www.selenium.dev/documentation/webdriver/troubleshooting/errors#no-such-element-exception
Stacktrace:
	GetHandleVerifier [0x00007FF73E456F15+28773]
	(No symbol) [0x00007FF73E3C2600]
	(No symbol) [0x00007FF73E258FAA]
	(No symbol) [0x00007FF73E2AF286]
	(No symbol) [0x00007FF73E2AF4BC]
	(No symbol) [0x00007FF73E302A27]
	(No symbol) [0x00007FF73E2D728F]
	(No symbol) [0x00007FF73E2FF6F3]
	(No symbol) [0x00007FF73E2D7023]
	(No symbol) [0x00007FF73E29FF5E]
	(No symbol) [0x00007FF73E2A11E3]
	GetHandleVerifier [0x00007FF73E7A425D+3490733]
	GetHandleVerifier [0x00007FF73E7BBA43+3586963]
	GetHandleVerifier [0x00007FF73E7B147D+3544525]
	GetHandleVerifier [0x00007FF73E51C9DA+838442]
	(No symbol) [0x00007FF73E3CD04F]
	(No symbol) [0x00007FF73E3C9614]
	(No symbol) [0x00007FF73E3C97B6]
	(No symbol) [0x00007FF73E3B8CE9]
	BaseThreadInitThunk [0x00007FFDF3D4E8D7+23]
	RtlUserThreadStart [0x00007FFDF427BF2C+44]

2025-03-13 14:02:00 - WARNING - Gagal select index: Message: Select only works on <select> elements, not on span

2025-03-13 14:02:54 - WARNING - Gagal select index: Message: Select only works on <select> elements, not on span

2025-03-13 14:35:48 - WARNING - Gagal memasukan file: Message: invalid selector: Unable to locate an element with the xpath expression //label[@for='file_temp']0 because of the following error:
SyntaxError: Failed to execute 'evaluate' on 'Document': The string '//label[@for='file_temp']0' is not a valid XPath expression.
  (Session info: chrome=134.0.6998.89); For documentation on this error, please visit: https://www.selenium.dev/documentation/webdriver/troubleshooting/errors#invalid-selector-exception
Stacktrace:
	GetHandleVerifier [0x00007FF73E456F15+28773]
	(No symbol) [0x00007FF73E3C2600]
	(No symbol) [0x00007FF73E258FAA]
	(No symbol) [0x00007FF73E2609B9]
	(No symbol) [0x00007FF73E26377C]
	(No symbol) [0x00007FF73E26384F]
	(No symbol) [0x00007FF73E2AEB40]
	(No symbol) [0x00007FF73E2AF4BC]
	(No symbol) [0x00007FF73E302A27]
	(No symbol) [0x00007FF73E2D728F]
	(No symbol) [0x00007FF73E2FF6F3]
	(No symbol) [0x00007FF73E2D7023]
	(No symbol) [0x00007FF73E29FF5E]
	(No symbol) [0x00007FF73E2A11E3]
	GetHandleVerifier [0x00007FF73E7A425D+3490733]
	GetHandleVerifier [0x00007FF73E7BBA43+3586963]
	GetHandleVerifier [0x00007FF73E7B147D+3544525]
	GetHandleVerifier [0x00007FF73E51C9DA+838442]
	(No symbol) [0x00007FF73E3CD04F]
	(No symbol) [0x00007FF73E3C9614]
	(No symbol) [0x00007FF73E3C97B6]
	(No symbol) [0x00007FF73E3B8CE9]
	BaseThreadInitThunk [0x00007FFDF3D4E8D7+23]
	RtlUserThreadStart [0x00007FFDF427BF2C+44]

